<?xml version="1.0" encoding="UTF-8"?>
<!-- Generated by org.testng.reporters.JUnitReportReporter -->
<testsuite skipped="0" hostname="Anas-PC" name="com.testng.concepts.SimpleAnnotations" tests="2" failures="0" timestamp="2020-03-02T10:53:35 IST" time="0.013" errors="0">
  <testcase name="searchLaptop" time="0.009" classname="com.testng.concepts.SimpleAnnotations"/>
  <testcase name="searchMobile" time="0.004" classname="com.testng.concepts.SimpleAnnotations"/>
</testsuite> <!-- com.testng.concepts.SimpleAnnotations -->
