<?xml version="1.0" encoding="UTF-8"?>
<!-- Generated by org.testng.reporters.JUnitReportReporter -->
<testsuite skipped="0" hostname="Anas-PC" name="com.testng.concepts.IgnoreTest" tests="2" failures="0" timestamp="2020-11-09T13:49:17 IST" time="0.035" errors="0">
  <testcase name="searchMobile" time="0.003" classname="com.testng.concepts.IgnoreTest"/>
  <testcase name="searchLaptop" time="0.032" classname="com.testng.concepts.IgnoreTest"/>
</testsuite> <!-- com.testng.concepts.IgnoreTest -->
