<?xml version="1.0" encoding="UTF-8"?>
<!-- Generated by org.testng.reporters.JUnitReportReporter -->
<testsuite skipped="0" hostname="Anas-PC" name="SimpleAnnotations" tests="2" failures="0" timestamp="2020-03-02T09:41:44 IST" time="0.013" errors="0">
  <testcase name="searchLaptop" time="0.011" classname="SimpleAnnotations"/>
  <testcase name="searchMobile" time="0.002" classname="SimpleAnnotations"/>
</testsuite> <!-- SimpleAnnotations -->
